<?xml version="1.0" encoding="UTF-8"?>
<!-- Generated by org.testng.reporters.JUnitReportReporter -->
<testsuite hostname="comp24" failures="0" tests="1" name="global.coda.hospital.operations.OperationsTest" time="2.504" errors="0" timestamp="2019-09-05T17:13:29 IST" skipped="0">
  <testcase classname="global.coda.hospital.operations.OperationsTest" name="deleteIOTest" time="2.504"/>
</testsuite> <!-- global.coda.hospital.operations.OperationsTest -->
