<?xml version="1.0" encoding="UTF-8"?>
<!-- Generated by org.testng.reporters.JUnitReportReporter -->
<testsuite hostname="comp24" failures="0" tests="1" name="global.coda.hospital.operations.OperationsTest" time="0.000" errors="0" timestamp="2019-09-06T13:27:13 IST" skipped="0">
  <testcase classname="global.coda.hospital.operations.OperationsTest" name="readTest" time="0.000"/>
</testsuite> <!-- global.coda.hospital.operations.OperationsTest -->
